FFFFEED 2017/08/11 14:27:52 -I- ----------------------------------------------
FFFFEED 2017/08/11 14:27:52 -I- FFF-Verify Rdbms Import Formats File
FFFFEED 2017/08/11 14:27:52 -I- ----------------------------------------------
FFFFEED 2017/08/11 14:27:52 -I- Start.
FFFFEED 2017/08/11 14:27:52 -I- *** Version:  V4.6.2.0 / 2017-07-10 19:27:40
FFFFEED 2017/08/11 14:27:52 -I- *** Platform: WIN32 / TCPIP/SOCKET
FFFFEED 2017/08/11 14:27:52 -I- *** Architecture: 32 bits
FFFFEED 2017/08/11 14:27:52 -I- FFF-Verify Rdbms:         TRUST_4621
FFFFEED 2017/08/11 14:27:52 -I- FFF-Verify Rdbms User:    TRUST_4621
FFFFEED 2017/08/11 14:27:52 -I- Formats file To Import:   format.ffm
FFFFEED 2017/08/11 14:27:52 -I- Overwrite Formats:        No
FFFFEED 2017/08/11 14:27:52 -I- CIF Pattern used is :"@(name)-@(dob)-@(pob)-@(city)-@(country)-@(state)-@(account)-@(user1)-@(user2)"
FFFFEED 2017/08/11 14:27:52 -I- HIT Pattern used is :"@(full_text_matched)-@(record_id)-@(name)-@(city)-@(country)-@(origin)-@(designation)"
FFFFEED 2017/08/11 14:27:52 -I- Log properly set.
FFFFEED 2017/08/11 14:27:53 -E- In function Stil_SqlInitDbConnection:
FFFFEED 2017/08/11 14:27:53 -E- ODBC STATE : '28000'
FFFFEED 2017/08/11 14:27:53 -E- ODBC MSG : '[Microsoft][ODBC SQL Server Driver][SQL Server]Login failed for user 'TRUST_4621'.'
FFFFEED 2017/08/11 14:27:53 -E- SQL : SqlError (StilSqlOpenDb)
FFFFEED 2017/08/11 14:27:53 -E- Process Failed. Please check logs.
FFFFEED 2017/08/11 14:29:13 -I- ----------------------------------------------
FFFFEED 2017/08/11 14:29:13 -I- FFF-Verify Rdbms Import Formats File
FFFFEED 2017/08/11 14:29:13 -I- ----------------------------------------------
FFFFEED 2017/08/11 14:29:13 -I- Start.
FFFFEED 2017/08/11 14:29:13 -I- *** Version:  V4.6.2.0 / 2017-07-10 19:27:40
FFFFEED 2017/08/11 14:29:13 -I- *** Platform: WIN32 / TCPIP/SOCKET
FFFFEED 2017/08/11 14:29:13 -I- *** Architecture: 32 bits
FFFFEED 2017/08/11 14:29:13 -I- FFF-Verify Rdbms:         TRUST_4621
FFFFEED 2017/08/11 14:29:13 -I- FFF-Verify Rdbms User:    sa
FFFFEED 2017/08/11 14:29:13 -I- Formats file To Import:   format.ffm
FFFFEED 2017/08/11 14:29:13 -I- Overwrite Formats:        No
FFFFEED 2017/08/11 14:29:13 -I- CIF Pattern used is :"@(name)-@(dob)-@(pob)-@(city)-@(country)-@(state)-@(account)-@(user1)-@(user2)"
FFFFEED 2017/08/11 14:29:13 -I- HIT Pattern used is :"@(full_text_matched)-@(record_id)-@(name)-@(city)-@(country)-@(origin)-@(designation)"
FFFFEED 2017/08/11 14:29:13 -I- Log properly set.
FFFFEED 2017/08/11 14:29:13 -I- Database is opened.
FFFFEED 2017/08/11 14:29:13 -I- Start to import the Format File : format.ffm
FFFFEED 2017/08/11 14:29:13 -I- Format MY_FORMAT_FULL inserted in database.
FFFFEED 2017/08/11 14:29:13 -I- Format MY_FORMAT_FULLADDRESS inserted in database.
FFFFEED 2017/08/11 14:29:13 -I- Format MY_FORMAT_NAME inserted in database.
FFFFEED 2017/08/11 14:29:13 -I- Import Successful : 3 formats imported, 0 formats overwrite
FFFFEED 2017/08/11 14:29:13 -I- Process completed successfully.
